000 (036.000.000) 11/16 13:16:11 Job submitted from host: <129.240.69.152:37288?addrs=129.240.69.152-37288>
...
001 (036.000.000) 11/16 13:17:15 Job executing on host: <129.240.71.99:49916?addrs=129.240.71.99-49916>
...
006 (036.000.000) 11/16 13:17:24 Image size of job updated: 27
	2  -  MemoryUsage of job (MB)
	1772  -  ResidentSetSize of job (KB)
...
006 (036.000.000) 11/16 13:22:25 Image size of job updated: 4820728
	4  -  MemoryUsage of job (MB)
	4052  -  ResidentSetSize of job (KB)
...
006 (036.000.000) 11/16 13:27:25 Image size of job updated: 4820728
	8  -  MemoryUsage of job (MB)
	7936  -  ResidentSetSize of job (KB)
...
006 (036.000.000) 11/16 13:32:26 Image size of job updated: 4825912
	8  -  MemoryUsage of job (MB)
	7936  -  ResidentSetSize of job (KB)
...
022 (036.000.000) 11/16 13:38:27 Job disconnected, attempting to reconnect
    Socket between submit and execute hosts closed unexpectedly
    Trying to reconnect to stormar.ifi.uio.no <129.240.71.99:49916?addrs=129.240.71.99-49916>
...
024 (036.000.000) 11/16 14:18:27 Job reconnection failed
    Job disconnected too long: JobLeaseDuration (2400 seconds) expired
    Can not reconnect to stormar.ifi.uio.no, rescheduling job
...
001 (036.000.000) 11/16 14:24:18 Job executing on host: <129.240.69.27:58469?addrs=129.240.69.27-58469>
...
010 (036.000.000) 11/16 14:33:05 Job was suspended.
	Number of processes actually suspended: 1
...
011 (036.000.000) 11/16 14:43:07 Job was unsuspended.
...
004 (036.000.000) 11/16 14:43:07 Job was evicted.
	(0) Job was not checkpointed.
		Usr 0 02:27:41, Sys 0 00:00:02  -  Run Remote Usage
		Usr 0 00:00:00, Sys 0 00:00:00  -  Run Local Usage
	0  -  Run Bytes Sent By Job
	0  -  Run Bytes Received By Job
	Partitionable Resources :    Usage  Request Allocated
	   Cpus                 :                 1         1
	   Disk (KB)            :       27       27   2556024
	   Memory (MB)          :       10       10      4686
...
001 (036.000.000) 11/16 14:46:17 Job executing on host: <129.240.68.173:55528?addrs=129.240.68.173-55528>
...
006 (036.000.000) 11/16 15:16:29 Image size of job updated: 5000000
	20  -  MemoryUsage of job (MB)
	19504  -  ResidentSetSize of job (KB)
...
006 (036.000.000) 11/16 22:02:12 Image size of job updated: 5000000
	20  -  MemoryUsage of job (MB)
	19772  -  ResidentSetSize of job (KB)
...
005 (036.000.000) 11/18 07:24:58 Job terminated.
	(1) Normal termination (return value 0)
		Usr 13 10:53:39, Sys 0 00:01:21  -  Run Remote Usage
		Usr 0 00:00:00, Sys 0 00:00:00  -  Run Local Usage
		Usr 13 10:53:39, Sys 0 00:01:21  -  Total Remote Usage
		Usr 0 00:00:00, Sys 0 00:00:00  -  Total Local Usage
	0  -  Run Bytes Sent By Job
	0  -  Run Bytes Received By Job
	0  -  Total Bytes Sent By Job
	0  -  Total Bytes Received By Job
	Partitionable Resources :    Usage  Request Allocated
	   Cpus                 :                 1         1
	   Disk (KB)            :       27       27   2564008
	   Memory (MB)          :       20       10      4686
...
