000 (038.000.000) 11/16 16:08:29 Job submitted from host: <129.240.69.152:37288?addrs=129.240.69.152-37288>
...
001 (038.000.000) 11/16 16:09:58 Job executing on host: <129.240.71.22:53686?addrs=129.240.71.22-53686>
...
006 (038.000.000) 11/16 16:10:06 Image size of job updated: 27
	2  -  MemoryUsage of job (MB)
	1772  -  ResidentSetSize of job (KB)
...
006 (038.000.000) 11/16 16:15:06 Image size of job updated: 4486252
	3  -  MemoryUsage of job (MB)
	2468  -  ResidentSetSize of job (KB)
...
006 (038.000.000) 11/16 16:20:06 Image size of job updated: 4488876
	3  -  MemoryUsage of job (MB)
	2468  -  ResidentSetSize of job (KB)
...
006 (038.000.000) 11/16 16:25:07 Image size of job updated: 4491500
	3  -  MemoryUsage of job (MB)
	2468  -  ResidentSetSize of job (KB)
...
006 (038.000.000) 11/16 16:35:08 Image size of job updated: 4491500
	4  -  MemoryUsage of job (MB)
	3296  -  ResidentSetSize of job (KB)
...
006 (038.000.000) 11/16 16:55:11 Image size of job updated: 4491500
	4  -  MemoryUsage of job (MB)
	3704  -  ResidentSetSize of job (KB)
...
006 (038.000.000) 11/16 17:00:12 Image size of job updated: 4491500
	6  -  MemoryUsage of job (MB)
	5624  -  ResidentSetSize of job (KB)
...
006 (038.000.000) 11/16 17:40:15 Image size of job updated: 4491500
	6  -  MemoryUsage of job (MB)
	5880  -  ResidentSetSize of job (KB)
...
006 (038.000.000) 11/16 17:45:16 Image size of job updated: 4491500
	7  -  MemoryUsage of job (MB)
	7012  -  ResidentSetSize of job (KB)
...
006 (038.000.000) 11/16 18:15:18 Image size of job updated: 4491500
	7  -  MemoryUsage of job (MB)
	7104  -  ResidentSetSize of job (KB)
...
005 (038.000.000) 11/16 18:16:24 Job terminated.
	(1) Normal termination (return value 0)
		Usr 0 16:42:34, Sys 0 00:00:03  -  Run Remote Usage
		Usr 0 00:00:00, Sys 0 00:00:00  -  Run Local Usage
		Usr 0 16:42:34, Sys 0 00:00:03  -  Total Remote Usage
		Usr 0 00:00:00, Sys 0 00:00:00  -  Total Local Usage
	0  -  Run Bytes Sent By Job
	0  -  Run Bytes Received By Job
	0  -  Total Bytes Sent By Job
	0  -  Total Bytes Received By Job
	Partitionable Resources :    Usage  Request Allocated
	   Cpus                 :                 1         1
	   Disk (KB)            :       27       27   2516020
	   Memory (MB)          :        7        1      4686
...
