000 (034.000.000) 11/16 13:16:00 Job submitted from host: <129.240.69.152:37288?addrs=129.240.69.152-37288>
...
001 (034.000.000) 11/16 13:17:15 Job executing on host: <129.240.68.89:36474?addrs=129.240.68.89-36474>
...
006 (034.000.000) 11/16 13:17:24 Image size of job updated: 27
	2  -  MemoryUsage of job (MB)
	1764  -  ResidentSetSize of job (KB)
...
006 (034.000.000) 11/16 13:22:25 Image size of job updated: 4486252
	3  -  MemoryUsage of job (MB)
	2528  -  ResidentSetSize of job (KB)
...
006 (034.000.000) 11/16 13:27:25 Image size of job updated: 4486252
	4  -  MemoryUsage of job (MB)
	3308  -  ResidentSetSize of job (KB)
...
006 (034.000.000) 11/16 13:32:26 Image size of job updated: 4486252
	6  -  MemoryUsage of job (MB)
	5624  -  ResidentSetSize of job (KB)
...
006 (034.000.000) 11/16 13:42:27 Image size of job updated: 4486252
	7  -  MemoryUsage of job (MB)
	6296  -  ResidentSetSize of job (KB)
...
005 (034.000.000) 11/16 13:46:58 Job terminated.
	(1) Normal termination (return value 0)
		Usr 0 03:54:41, Sys 0 00:00:00  -  Run Remote Usage
		Usr 0 00:00:00, Sys 0 00:00:00  -  Run Local Usage
		Usr 0 03:54:41, Sys 0 00:00:00  -  Total Remote Usage
		Usr 0 00:00:00, Sys 0 00:00:00  -  Total Local Usage
	0  -  Run Bytes Sent By Job
	0  -  Run Bytes Received By Job
	0  -  Total Bytes Sent By Job
	0  -  Total Bytes Received By Job
	Partitionable Resources :    Usage  Request Allocated
	   Cpus                 :                 1         1
	   Disk (KB)            :       27       27   2479312
	   Memory (MB)          :        7        1      4686
...
