000 (037.000.000) 11/16 16:08:23 Job submitted from host: <129.240.69.152:37288?addrs=129.240.69.152-37288>
...
001 (037.000.000) 11/16 16:08:38 Job executing on host: <129.240.69.40:59491?addrs=129.240.69.40-59491>
...
006 (037.000.000) 11/16 16:08:46 Image size of job updated: 27
	2  -  MemoryUsage of job (MB)
	1772  -  ResidentSetSize of job (KB)
...
006 (037.000.000) 11/16 16:13:46 Image size of job updated: 4486252
	3  -  MemoryUsage of job (MB)
	2548  -  ResidentSetSize of job (KB)
...
006 (037.000.000) 11/16 16:18:46 Image size of job updated: 4486252
	4  -  MemoryUsage of job (MB)
	3660  -  ResidentSetSize of job (KB)
...
006 (037.000.000) 11/16 16:23:47 Image size of job updated: 4486252
	6  -  MemoryUsage of job (MB)
	5628  -  ResidentSetSize of job (KB)
...
006 (037.000.000) 11/16 16:33:47 Image size of job updated: 4486252
	7  -  MemoryUsage of job (MB)
	6400  -  ResidentSetSize of job (KB)
...
005 (037.000.000) 11/16 16:37:21 Job terminated.
	(1) Normal termination (return value 0)
		Usr 0 03:45:53, Sys 0 00:00:01  -  Run Remote Usage
		Usr 0 00:00:00, Sys 0 00:00:00  -  Run Local Usage
		Usr 0 03:45:53, Sys 0 00:00:01  -  Total Remote Usage
		Usr 0 00:00:00, Sys 0 00:00:00  -  Total Local Usage
	0  -  Run Bytes Sent By Job
	0  -  Run Bytes Received By Job
	0  -  Total Bytes Sent By Job
	0  -  Total Bytes Received By Job
	Partitionable Resources :    Usage  Request Allocated
	   Cpus                 :                 1         1
	   Disk (KB)            :       27       27   2543220
	   Memory (MB)          :        7        1      4686
...
